<?xml version="1.0" encoding="UTF-8" ?>
<testsuite errors="0" failures="0" hostname="DESKTOP-DTCD2GU" name="com.allendowney.thinkdast.WikiSearchTest" skipped="0" tests="4" time="0.068" timestamp="2025-11-30T11:56:16">
  <properties>
[...]
</properties>
  <testcase classname="com.allendowney.thinkdast.WikiSearchTest" name="testAnd" time="0.003" />
  <testcase classname="com.allendowney.thinkdast.WikiSearchTest" name="testMinus" time="0.0" />
  <testcase classname="com.allendowney.thinkdast.WikiSearchTest" name="testSort" time="0.002" />
  <testcase classname="com.allendowney.thinkdast.WikiSearchTest" name="testOr" time="0.001" />
  <system-out><![CDATA[]]></system-out>
  <system-err><![CDATA[]]></system-err>
</testsuite>
